This is pdfTeX, Version 3.14159265-2.6-1.40.19 (TeX Live 2018) (preloaded format=pdflatex 2018.4.16)  11 MAR 2021 13:46
entering extended mode
 restricted \write18 enabled.
 %&-line parsing enabled.
**Thesis_PhD.tex
(./Thesis_PhD.tex
LaTeX2e <2018-04-01> patch level 2
Babel <3.18> and hyphenation patterns for 84 language(s) loaded.
(/usr/local/texlive/2018/texmf-dist/tex/latex/base/report.cls
Document Class: report 2014/09/29 v1.4h Standard LaTeX document class
(/usr/local/texlive/2018/texmf-dist/tex/latex/base/size12.clo
File: size12.clo 2014/09/29 v1.4h Standard LaTeX file (size option)
)
\c@part=\count80
\c@chapter=\count81
\c@section=\count82
\c@subsection=\count83
\c@subsubsection=\count84
\c@paragraph=\count85
\c@subparagraph=\count86
\c@figure=\count87
\c@table=\count88
\abovecaptionskip=\skip41
\belowcaptionskip=\skip42
\bibindent=\dimen102
)
(/usr/local/texlive/2018/texmf-dist/tex/latex/amsmath/amsmath.sty
Package: amsmath 2017/09/02 v2.17a AMS math features
\@mathmargin=\skip43

For additional information on amsmath, use the `?' option.
(/usr/local/texlive/2018/texmf-dist/tex/latex/amsmath/amstext.sty
Package: amstext 2000/06/29 v2.01 AMS text

(/usr/local/texlive/2018/texmf-dist/tex/latex/amsmath/amsgen.sty
File: amsgen.sty 1999/11/30 v2.0 generic functions
\@emptytoks=\toks14
\ex@=\dimen103
))
(/usr/local/texlive/2018/texmf-dist/tex/latex/amsmath/amsbsy.sty
Package: amsbsy 1999/11/29 v1.2d Bold Symbols
\pmbraise@=\dimen104
)
(/usr/local/texlive/2018/texmf-dist/tex/latex/amsmath/amsopn.sty
Package: amsopn 2016/03/08 v2.02 operator names
)
\inf@bad=\count89
LaTeX Info: Redefining \frac on input line 213.
\uproot@=\count90
\leftroot@=\count91
LaTeX Info: Redefining \overline on input line 375.
\classnum@=\count92
\DOTSCASE@=\count93
LaTeX Info: Redefining \ldots on input line 472.
LaTeX Info: Redefining \dots on input line 475.
LaTeX Info: Redefining \cdots on input line 596.
\Mathstrutbox@=\box26
\strutbox@=\box27
\big@size=\dimen105
LaTeX Font Info:    Redeclaring font encoding OML on input line 712.
LaTeX Font Info:    Redeclaring font encoding OMS on input line 713.
\macc@depth=\count94
\c@MaxMatrixCols=\count95
\dotsspace@=\muskip10
\c@parentequation=\count96
\dspbrk@lvl=\count97
\tag@help=\toks15
\row@=\count98
\column@=\count99
\maxfields@=\count100
\andhelp@=\toks16
\eqnshift@=\dimen106
\alignsep@=\dimen107
\tagshift@=\dimen108
\tagwidth@=\dimen109
\totwidth@=\dimen110
\lineht@=\dimen111
\@envbody=\toks17
\multlinegap=\skip44
\multlinetaggap=\skip45
\mathdisplay@stack=\toks18
LaTeX Info: Redefining \[ on input line 2817.
LaTeX Info: Redefining \] on input line 2818.
)
(/usr/local/texlive/2018/texmf-dist/tex/latex/amsfonts/amsfonts.sty
Package: amsfonts 2013/01/14 v3.01 Basic AMSFonts support
\symAMSa=\mathgroup4
\symAMSb=\mathgroup5
LaTeX Font Info:    Overwriting math alphabet `\mathfrak' in version `bold'
(Font)                  U/euf/m/n --> U/euf/b/n on input line 106.
)
(/usr/local/texlive/2018/texmf-dist/tex/latex/amsfonts/amssymb.sty
Package: amssymb 2013/01/14 v3.01 AMS font symbols
)
(/usr/local/texlive/2018/texmf-dist/tex/latex/tools/bm.sty
Package: bm 2017/01/16 v1.2c Bold Symbol Support (DPC/FMi)
\symboldoperators=\mathgroup6
\symboldletters=\mathgroup7
\symboldsymbols=\mathgroup8
LaTeX Font Info:    Redeclaring math alphabet \mathbf on input line 141.
LaTeX Info: Redefining \bm on input line 207.
)
(/usr/local/texlive/2018/texmf-dist/tex/latex/graphics/graphics.sty
Package: graphics 2017/06/25 v1.2c Standard LaTeX Graphics (DPC,SPQR)

(/usr/local/texlive/2018/texmf-dist/tex/latex/graphics/trig.sty
Package: trig 2016/01/03 v1.10 sin cos tan (DPC)
)
(/usr/local/texlive/2018/texmf-dist/tex/latex/graphics-cfg/graphics.cfg
File: graphics.cfg 2016/06/04 v1.11 sample graphics configuration
)
Package graphics Info: Driver file: pdftex.def on input line 99.

(/usr/local/texlive/2018/texmf-dist/tex/latex/graphics-def/pdftex.def
File: pdftex.def 2018/01/08 v1.0l Graphics/color driver for pdftex
))
(/usr/local/texlive/2018/texmf-dist/tex/latex/graphics/graphicx.sty
Package: graphicx 2017/06/01 v1.1a Enhanced LaTeX Graphics (DPC,SPQR)

(/usr/local/texlive/2018/texmf-dist/tex/latex/graphics/keyval.sty
Package: keyval 2014/10/28 v1.15 key=value parser (DPC)
\KV@toks@=\toks19
)
\Gin@req@height=\dimen112
\Gin@req@width=\dimen113
)
(/usr/local/texlive/2018/texmf-dist/tex/latex/graphics/rotating.sty
Package: rotating 2016/08/11 v2.16d rotated objects in LaTeX

(/usr/local/texlive/2018/texmf-dist/tex/latex/base/ifthen.sty
Package: ifthen 2014/09/29 v1.1c Standard LaTeX ifthen package (DPC)
)
\c@r@tfl@t=\count101
\rotFPtop=\skip46
\rotFPbot=\skip47
\rot@float@box=\box28
\rot@mess@toks=\toks20
) (./setspace.sty
Package: setspace 2000/03/03 6.6 Contributed and Supported LaTeX2e package
Package: `setspace' 6.6 <2000/03/03>
) (/usr/local/texlive/2018/texmf-dist/tex/latex/tools/longtable.sty
Package: longtable 2014/10/28 v4.11 Multi-page Table package (DPC)
\LTleft=\skip48
\LTright=\skip49
\LTpre=\skip50
\LTpost=\skip51
\LTchunksize=\count102
\LTcapwidth=\dimen114
\LT@head=\box29
\LT@firsthead=\box30
\LT@foot=\box31
\LT@lastfoot=\box32
\LT@cols=\count103
\LT@rows=\count104
\c@LT@tables=\count105
\c@LT@chunks=\count106
\LT@p@ftn=\toks21
)
(/usr/local/texlive/2018/texmf-dist/tex/latex/epigraph/epigraph.sty
Package: epigraph 2009/09/02 v1.5c typesetting epigraphs
\beforeepigraphskip=\skip52
\afterepigraphskip=\skip53
\epigraphwidth=\skip54
\epigraphrule=\skip55
)
(/usr/local/texlive/2018/texmf-dist/tex/latex/here/here.sty)
(/usr/local/texlive/2018/texmf-dist/tex/latex/float/float.sty
Package: float 2001/11/08 v1.3d Float enhancements (AL)
\c@float@type=\count107
\float@exts=\toks22
\float@box=\box33
\@float@everytoks=\toks23
\@floatcapt=\box34
)
(/usr/local/texlive/2018/texmf-dist/tex/latex/threeparttable/threeparttable.sty
Package: threeparttable 2003/06/13  v 3.0
\@tempboxb=\box35
) (/usr/local/texlive/2018/texmf-dist/tex/generic/epsf/epsf.sty
This is `epsf.tex' v2.7.4 <14 February 2011>
\epsffilein=\read1
\epsfframemargin=\dimen115
\epsfframethickness=\dimen116
\epsfrsize=\dimen117
\epsftmp=\dimen118
\epsftsize=\dimen119
\epsfxsize=\dimen120
\epsfysize=\dimen121
\pspoints=\dimen122
) (/usr/local/texlive/2018/texmf-dist/tex/latex/psfrag/psfrag.sty
Package: psfrag 1998/04/11 v3.04 PSfrag (MCG)
\pfg@pcount=\count108
\pfg@scount=\count109
\pfg@temp=\write3
)
(/usr/local/texlive/2018/texmf-dist/tex/latex/tools/enumerate.sty
Package: enumerate 2015/07/23 v3.00 enumerate extensions (DPC)
\@enLab=\toks24
)
(/usr/local/texlive/2018/texmf-dist/tex/latex/hyperref/hyperref.sty
Package: hyperref 2018/02/06 v6.86b Hypertext links for LaTeX

(/usr/local/texlive/2018/texmf-dist/tex/generic/oberdiek/hobsub-hyperref.sty
Package: hobsub-hyperref 2016/05/16 v1.14 Bundle oberdiek, subset hyperref (HO)


(/usr/local/texlive/2018/texmf-dist/tex/generic/oberdiek/hobsub-generic.sty
Package: hobsub-generic 2016/05/16 v1.14 Bundle oberdiek, subset generic (HO)
Package: hobsub 2016/05/16 v1.14 Construct package bundles (HO)
Package: infwarerr 2016/05/16 v1.4 Providing info/warning/error messages (HO)
Package: ltxcmds 2016/05/16 v1.23 LaTeX kernel commands for general use (HO)
Package: ifluatex 2016/05/16 v1.4 Provides the ifluatex switch (HO)
Package ifluatex Info: LuaTeX not detected.
Package: ifvtex 2016/05/16 v1.6 Detect VTeX and its facilities (HO)
Package ifvtex Info: VTeX not detected.
Package: intcalc 2016/05/16 v1.2 Expandable calculations with integers (HO)
Package: ifpdf 2017/03/15 v3.2 Provides the ifpdf switch
Package: etexcmds 2016/05/16 v1.6 Avoid name clashes with e-TeX commands (HO)
Package etexcmds Info: Could not find \expanded.
(etexcmds)             That can mean that you are not using pdfTeX 1.50 or
(etexcmds)             that some package has redefined \expanded.
(etexcmds)             In the latter case, load this package earlier.
Package: kvsetkeys 2016/05/16 v1.17 Key value parser (HO)
Package: kvdefinekeys 2016/05/16 v1.4 Define keys (HO)
Package: pdftexcmds 2018/01/30 v0.27 Utility functions of pdfTeX for LuaTeX (HO
)
Package pdftexcmds Info: LuaTeX not detected.
Package pdftexcmds Info: \pdf@primitive is available.
Package pdftexcmds Info: \pdf@ifprimitive is available.
Package pdftexcmds Info: \pdfdraftmode found.
Package: pdfescape 2016/05/16 v1.14 Implements pdfTeX's escape features (HO)
Package: bigintcalc 2016/05/16 v1.4 Expandable calculations on big integers (HO
)
Package: bitset 2016/05/16 v1.2 Handle bit-vector datatype (HO)
Package: uniquecounter 2016/05/16 v1.3 Provide unlimited unique counter (HO)
)
Package hobsub Info: Skipping package `hobsub' (already loaded).
Package: letltxmacro 2016/05/16 v1.5 Let assignment for LaTeX macros (HO)
Package: hopatch 2016/05/16 v1.3 Wrapper for package hooks (HO)
Package: xcolor-patch 2016/05/16 xcolor patch
Package: atveryend 2016/05/16 v1.9 Hooks at the very end of document (HO)
Package atveryend Info: \enddocument detected (standard20110627).
Package: atbegshi 2016/06/09 v1.18 At begin shipout hook (HO)
Package: refcount 2016/05/16 v3.5 Data extraction from label references (HO)
Package: hycolor 2016/05/16 v1.8 Color options for hyperref/bookmark (HO)
)
(/usr/local/texlive/2018/texmf-dist/tex/generic/ifxetex/ifxetex.sty
Package: ifxetex 2010/09/12 v0.6 Provides ifxetex conditional
)
(/usr/local/texlive/2018/texmf-dist/tex/latex/oberdiek/auxhook.sty
Package: auxhook 2016/05/16 v1.4 Hooks for auxiliary files (HO)
)
(/usr/local/texlive/2018/texmf-dist/tex/latex/oberdiek/kvoptions.sty
Package: kvoptions 2016/05/16 v3.12 Key value format for package options (HO)
)
\@linkdim=\dimen123
\Hy@linkcounter=\count110
\Hy@pagecounter=\count111

(/usr/local/texlive/2018/texmf-dist/tex/latex/hyperref/pd1enc.def
File: pd1enc.def 2018/02/06 v6.86b Hyperref: PDFDocEncoding definition (HO)
Now handling font encoding PD1 ...
... no UTF-8 mapping file for font encoding PD1
)
\Hy@SavedSpaceFactor=\count112

(/usr/local/texlive/2018/texmf-dist/tex/latex/latexconfig/hyperref.cfg
File: hyperref.cfg 2002/06/06 v1.2 hyperref configuration of TeXLive
)
Package hyperref Info: Hyper figures OFF on input line 4509.
Package hyperref Info: Link nesting OFF on input line 4514.
Package hyperref Info: Hyper index ON on input line 4517.
Package hyperref Info: Plain pages OFF on input line 4524.
Package hyperref Info: Backreferencing OFF on input line 4529.
Package hyperref Info: Implicit mode ON; LaTeX internals redefined.
Package hyperref Info: Bookmarks ON on input line 4762.
\c@Hy@tempcnt=\count113

(/usr/local/texlive/2018/texmf-dist/tex/latex/url/url.sty
\Urlmuskip=\muskip11
Package: url 2013/09/16  ver 3.4  Verb mode for urls, etc.
)
LaTeX Info: Redefining \url on input line 5115.
\XeTeXLinkMargin=\dimen124
\Fld@menulength=\count114
\Field@Width=\dimen125
\Fld@charsize=\dimen126
Package hyperref Info: Hyper figures OFF on input line 6369.
Package hyperref Info: Link nesting OFF on input line 6374.
Package hyperref Info: Hyper index ON on input line 6377.
Package hyperref Info: backreferencing OFF on input line 6384.
Package hyperref Info: Link coloring OFF on input line 6389.
Package hyperref Info: Link coloring with OCG OFF on input line 6394.
Package hyperref Info: PDF/A mode OFF on input line 6399.
LaTeX Info: Redefining \ref on input line 6439.
LaTeX Info: Redefining \pageref on input line 6443.
\Hy@abspage=\count115
\c@Item=\count116
\c@Hfootnote=\count117
)
Package hyperref Info: Driver (autodetected): hpdftex.

(/usr/local/texlive/2018/texmf-dist/tex/latex/hyperref/hpdftex.def
File: hpdftex.def 2018/02/06 v6.86b Hyperref driver for pdfTeX
\Fld@listcount=\count118
\c@bookmark@seq@number=\count119

(/usr/local/texlive/2018/texmf-dist/tex/latex/oberdiek/rerunfilecheck.sty
Package: rerunfilecheck 2016/05/16 v1.8 Rerun checks for auxiliary files (HO)
Package uniquecounter Info: New unique counter `rerunfilecheck' on input line 2
82.
)
\Hy@SectionHShift=\skip56
)
Package hyperref Info: Option `colorlinks' set `true' on input line 42.

(/usr/local/texlive/2018/texmf-dist/tex/latex/natbib/natbib.sty
Package: natbib 2010/09/13 8.31b (PWD, AO)
\bibhang=\skip57
\bibsep=\skip58
LaTeX Info: Redefining \cite on input line 694.
\c@NAT@ctr=\count120
)
(/usr/local/texlive/2018/texmf-dist/tex/latex/multirow/multirow.sty
Package: multirow 2016/11/25 v2.2 Span multiple rows of a table
\multirow@colwidth=\skip59
\multirow@cntb=\count121
\multirow@dima=\skip60
\bigstrutjot=\dimen127
)
(/usr/local/texlive/2018/texmf-dist/tex/latex/mathtools/empheq.sty
Package: empheq 2017/03/31 v2.15 Emphasizing equations

(/usr/local/texlive/2018/texmf-dist/tex/latex/mathtools/mhsetup.sty
Package: mhsetup 2017/03/31 v1.3 programming setup (MH)
)
(/usr/local/texlive/2018/texmf-dist/tex/latex/mathtools/mathtools.sty
Package: mathtools 2018/01/08 v1.21 mathematical typesetting tools

(/usr/local/texlive/2018/texmf-dist/tex/latex/tools/calc.sty
Package: calc 2017/05/25 v4.3 Infix arithmetic (KKT,FJ)
\calc@Acount=\count122
\calc@Bcount=\count123
\calc@Adimen=\dimen128
\calc@Bdimen=\dimen129
\calc@Askip=\skip61
\calc@Bskip=\skip62
LaTeX Info: Redefining \setlength on input line 80.
LaTeX Info: Redefining \addtolength on input line 81.
\calc@Ccount=\count124
\calc@Cskip=\skip63
)
LaTeX Info: Thecontrolsequence`\('isalreadyrobust on input line 129.
LaTeX Info: Thecontrolsequence`\)'isalreadyrobust on input line 129.
LaTeX Info: Thecontrolsequence`\['isalreadyrobust on input line 129.
LaTeX Info: Thecontrolsequence`\]'isalreadyrobust on input line 129.
\g_MT_multlinerow_int=\count125
\l_MT_multwidth_dim=\dimen130
\origjot=\skip64
\l_MT_shortvdotswithinadjustabove_dim=\dimen131
\l_MT_shortvdotswithinadjustbelow_dim=\dimen132
\l_MT_above_intertext_sep=\dimen133
\l_MT_below_intertext_sep=\dimen134
\l_MT_above_shortintertext_sep=\dimen135
\l_MT_below_shortintertext_sep=\dimen136
)
\l_EQ_equationtype_int=\count126
\l_EQ_alignmentmode_int=\count127
\l_EQ_totalwidth_dim=\dimen137
\l_EQ_displaywidth_dim=\dimen138
\l_EQ_temp_linewidth_dim=\dimen139
\EmphEqdelimitershortfall=\dimen140
\EmphEqdelimiterfactor=\count128
\g_EQ_toptag_height_dim=\dimen141
\g_EQ_bottomtag_depth_dim=\dimen142
\g_EQ_toprow_height_dim=\dimen143
\g_EQ_bottomrow_depth_dim=\dimen144
\g_EQ_widesttag_dim=\dimen145
\EQ_mathdisplay_box=\box36
\EQ_tag_box=\box37
\g_EQ_temprow_int=\count129
) (./slashbox.sty
slashbox style by K.Yasuoka, May 1993.
\@slashboxa=\box38
\@slashboxb=\box39
\@slashboxc=\box40
\@slashboxwd=\count130
\@slashboxht=\count131
\@slashsepl=\dimen146
\@slashsepr=\dimen147
) (./datestamp.sty
Package: datestamp 2000/03/25
\datestampoffset=\dimen148
\datestampcount=\count132
\datestamplimit=\count133
) (./McECEThesis.sty
Package: McECEThesis 2005/02/15
\insidemargin=\dimen149
\outsidemargin=\dimen150
\abovemargin=\dimen151
\belowmargin=\dimen152
 (./fancyhdr.sty
\headwidth=\dimen153
)
\aboveTcaptionskip=\dimen154
\belowTcaptionskip=\dimen155
) (./McGillLogo.sty
Package: McGillLogo 2004/08/31
)
(/usr/local/texlive/2018/texmf-dist/tex/latex/graphics/color.sty
Package: color 2016/07/10 v1.1e Standard LaTeX Color (DPC)

(/usr/local/texlive/2018/texmf-dist/tex/latex/graphics-cfg/color.cfg
File: color.cfg 2016/01/02 v1.6 sample color configuration
)
Package color Info: Driver file: pdftex.def on input line 147.
)
(./Thesis_PhD.aux)
\openout1 = `Thesis_PhD.aux'.

LaTeX Font Info:    Checking defaults for OML/cmm/m/it on input line 78.
LaTeX Font Info:    ... okay on input line 78.
LaTeX Font Info:    Checking defaults for T1/cmr/m/n on input line 78.
LaTeX Font Info:    ... okay on input line 78.
LaTeX Font Info:    Checking defaults for OT1/cmr/m/n on input line 78.
LaTeX Font Info:    ... okay on input line 78.
LaTeX Font Info:    Checking defaults for OMS/cmsy/m/n on input line 78.
LaTeX Font Info:    ... okay on input line 78.
LaTeX Font Info:    Checking defaults for OMX/cmex/m/n on input line 78.
LaTeX Font Info:    ... okay on input line 78.
LaTeX Font Info:    Checking defaults for U/cmr/m/n on input line 78.
LaTeX Font Info:    ... okay on input line 78.
LaTeX Font Info:    Checking defaults for PD1/pdf/m/n on input line 78.
LaTeX Font Info:    ... okay on input line 78.

(/usr/local/texlive/2018/texmf-dist/tex/context/base/mkii/supp-pdf.mkii
[Loading MPS to PDF converter (version 2006.09.02).]
\scratchcounter=\count134
\scratchdimen=\dimen156
\scratchbox=\box41
\nofMPsegments=\count135
\nofMParguments=\count136
\everyMPshowfont=\toks25
\MPscratchCnt=\count137
\MPscratchDim=\dimen157
\MPnumerator=\count138
\makeMPintoPDFobject=\count139
\everyMPtoPDFconversion=\toks26
) (/usr/local/texlive/2018/texmf-dist/tex/latex/oberdiek/epstopdf-base.sty
Package: epstopdf-base 2016/05/15 v2.6 Base part for package epstopdf

(/usr/local/texlive/2018/texmf-dist/tex/latex/oberdiek/grfext.sty
Package: grfext 2016/05/16 v1.2 Manage graphics extensions (HO)
)
Package epstopdf-base Info: Redefining graphics rule for `.eps' on input line 4
38.
Package grfext Info: Graphics extension search list:
(grfext)             [.pdf,.png,.jpg,.mps,.jpeg,.jbig2,.jb2,.PDF,.PNG,.JPG,.JPE
G,.JBIG2,.JB2,.eps]
(grfext)             \AppendGraphicsExtensions on input line 456.

(/usr/local/texlive/2018/texmf-dist/tex/latex/latexconfig/epstopdf-sys.cfg
File: epstopdf-sys.cfg 2010/07/13 v1.3 Configuration of (r)epstopdf for TeX Liv
e
))
\AtBeginShipoutBox=\box42
Package hyperref Info: Link coloring ON on input line 78.

(/usr/local/texlive/2018/texmf-dist/tex/latex/hyperref/nameref.sty
Package: nameref 2016/05/21 v2.44 Cross-referencing by name of section

(/usr/local/texlive/2018/texmf-dist/tex/generic/oberdiek/gettitlestring.sty
Package: gettitlestring 2016/05/16 v1.5 Cleanup title references (HO)
)
\c@section@level=\count140
)
LaTeX Info: Redefining \ref on input line 78.
LaTeX Info: Redefining \pageref on input line 78.
LaTeX Info: Redefining \nameref on input line 78.

(./Thesis_PhD.out) (./Thesis_PhD.out)
\@outlinefile=\write4
\openout4 = `Thesis_PhD.out'.

<Chinese_name.pdf, id=195, 36.66699pt x 9.35194pt>
File: Chinese_name.pdf Graphic file (type pdf)
<use Chinese_name.pdf>
Package pdftex.def Info: Chinese_name.pdf  used on input line 102.
(pdftex.def)             Requested size: 69.37631pt x 17.69577pt.
LaTeX Font Info:    Try loading font information for U+msa on input line 102.

(/usr/local/texlive/2018/texmf-dist/tex/latex/amsfonts/umsa.fd
File: umsa.fd 2013/01/14 v3.01 AMS symbols A
)
LaTeX Font Info:    Try loading font information for U+msb on input line 102.

(/usr/local/texlive/2018/texmf-dist/tex/latex/amsfonts/umsb.fd
File: umsb.fd 2013/01/14 v3.01 AMS symbols B
)
<McGillcrest.pdf, id=196, 43.43628pt x 54.20854pt>
File: McGillcrest.pdf Graphic file (type pdf)
<use McGillcrest.pdf>
Package pdftex.def Info: McGillcrest.pdf  used on input line 102.
(pdftex.def)             Requested size: 43.43616pt x 54.20839pt.
LaTeX Font Info:    Try loading font information for OMS+cmr on input line 102.


(/usr/local/texlive/2018/texmf-dist/tex/latex/base/omscmr.fd
File: omscmr.fd 2014/09/29 v2.5h Standard LaTeX font definitions
)
LaTeX Font Info:    Font shape `OMS/cmr/m/n' in size <12> not available
(Font)              Font shape `OMS/cmsy/m/n' tried instead on input line 102.
 [1
Non-PDF special ignored!
<special> header=psfrag.pro

{/usr/local/texlive/2018/texmf-var/fonts/map/pdftex/updmap/pdftex.map} <./Chine
se_name.pdf> <./McGillcrest.pdf>]pdfTeX warning (ext4): destination with the sa
me identifier (name{page.1}) has been already used, duplicate ignored
<to be read again> 
                   \relax 
l.107 \newpage
               [1] [1] [2] [3]
Overfull \hbox (1.52733pt too wide) in paragraph at lines 145--146
\OT1/cmr/m/n/12 stud-ies of tur-bu-lent col-li-sion ef-fi-ciency for droplets p
rior to their ef-fec-tive gravitational-
 []

[4] [5] [6] [7] [8] [9] (./Thesis_PhD.toc [10

] [11])
\tf@toc=\write5
\openout5 = `Thesis_PhD.toc'.

 [12] (./Thesis_PhD.lof
[13

]
Overfull \hbox (2.40656pt too wide) in paragraph at lines 11--11
 [][] [][][]\OT1/cmr/m/n/12 Ratio of tur-bu-lent col-li-sion ker-nel and grav-i
-ta-tional col-li-sion ker-nel for droplet 
 []

[14] [15] [16] [17])
\tf@lof=\write6
\openout6 = `Thesis_PhD.lof'.

 [18] (./Thesis_PhD.lot
Overfull \hbox (1.09009pt too wide) in paragraph at lines 3--3
 [][] [][][]\OT1/cmr/m/n/12 A sum-mary of re-cent DNS stud-ies on droplet col-l
i-sion statis-tics with turbulence.|[][] [][]  
 []

)
\tf@lot=\write7
\openout7 = `Thesis_PhD.lot'.

 [19

]
Overfull \hbox (102.07477pt too wide) in alignment at lines 184--200
 [] [] 
 []

[20

]
Overfull \hbox (102.07477pt too wide) in alignment at lines 210--226
 [] [] 
 []

[21

]
Overfull \hbox (45.16927pt too wide) in alignment at lines 231--252
 [] [] 
 []


Overfull \hbox (45.16927pt too wide) in alignment at lines 252--270
 [] [] 
 []

[22] [23]
Introduction
(./Sections/C-Intro.tex
Chapter 1.
pdfTeX warning (ext4): destination with the same identifier (name{page.1}) has 
been already used, duplicate ignored
<to be read again> 
                   \relax 
l.15 S
      econdly, clouds have a determinant influence on the Earth's hydrologic...
[1


] [2] [3] [4] [5] [6] [7] [8] [9] [10] [11])

(./Sections/C-2.tex [12]
Chapter 2.
[13

] [14] [15] [16] [17] [18] [19] [20] [21] [22] [23] [24] [25] [26]
<Figures/Chap2/kmaxeta.jpg, id=1086, 2298.5875pt x 1627.07875pt>
File: Figures/Chap2/kmaxeta.jpg Graphic file (type jpg)
<use Figures/Chap2/kmaxeta.jpg>
Package pdftex.def Info: Figures/Chap2/kmaxeta.jpg  used on input line 124.
(pdftex.def)             Requested size: 462.52757pt x 327.39616pt.
 [27 <./Figures/Chap2/kmaxeta.jpg>] [28] [29] [30]
<Figures/Chap2/specs.jpg, id=1142, 1516.66624pt x 2550.52875pt>
File: Figures/Chap2/specs.jpg Graphic file (type jpg)
<use Figures/Chap2/specs.jpg>
Package pdftex.def Info: Figures/Chap2/specs.jpg  used on input line 185.
(pdftex.def)             Requested size: 323.76788pt x 544.46121pt.


LaTeX Warning: Float too large for page by 26.80368pt on input line 187.

[31]
<Figures/Chap2/perform.jpg, id=1153, 4007.97375pt x 2520.41624pt>
File: Figures/Chap2/perform.jpg Graphic file (type jpg)
<use Figures/Chap2/perform.jpg>
Package pdftex.def Info: Figures/Chap2/perform.jpg  used on input line 195.
(pdftex.def)             Requested size: 370.02347pt x 232.67336pt.


Package hyperref Warning: Token not allowed in a PDF string (PDFDocEncoding):
(hyperref)                removing `math shift' on input line 200.


Package hyperref Warning: Token not allowed in a PDF string (PDFDocEncoding):
(hyperref)                removing `subscript' on input line 200.


Package hyperref Warning: Token not allowed in a PDF string (PDFDocEncoding):
(hyperref)                removing `\lambda' on input line 200.


Package hyperref Warning: Token not allowed in a PDF string (PDFDocEncoding):
(hyperref)                removing `math shift' on input line 200.

[32] [33] [34]
<Figures/Chap2/Re_ck.jpg, id=1196, 4127.42pt x 3024.29875pt>
File: Figures/Chap2/Re_ck.jpg Graphic file (type jpg)
<use Figures/Chap2/Re_ck.jpg>
Package pdftex.def Info: Figures/Chap2/Re_ck.jpg  used on input line 211.
(pdftex.def)             Requested size: 370.02347pt x 271.11377pt.
<Figures/Chap2/re_cs.jpg, id=1197, 4227.795pt x 3812.2425pt>
File: Figures/Chap2/re_cs.jpg Graphic file (type jpg)
<use Figures/Chap2/re_cs.jpg>
Package pdftex.def Info: Figures/Chap2/re_cs.jpg  used on input line 217.
(pdftex.def)             Requested size: 462.52757pt x 417.02118pt.
 [35]
<Figures/Chap2/diss_cs.jpg, id=1210, 2374.8725pt x 3642.60875pt>
File: Figures/Chap2/diss_cs.jpg Graphic file (type jpg)
<use Figures/Chap2/diss_cs.jpg>
Package pdftex.def Info: Figures/Chap2/diss_cs.jpg  used on input line 227.
(pdftex.def)             Requested size: 370.02347pt x 567.54436pt.


LaTeX Warning: Float too large for page by 24.47072pt on input line 229.

[36]
<Figures/Chap2/diss_cs_20_self.jpg, id=1224, 3931.68875pt x 3102.59125pt>
File: Figures/Chap2/diss_cs_20_self.jpg Graphic file (type jpg)
<use Figures/Chap2/diss_cs_20_self.jpg>
Package pdftex.def Info: Figures/Chap2/diss_cs_20_self.jpg  used on input line 
237.
(pdftex.def)             Requested size: 370.02347pt x 291.95607pt.
 [37] [38] [39] [40]
<Figures/Chap2/parameterizations.jpg, id=1275, 1816.7875pt x 2481.27pt>
File: Figures/Chap2/parameterizations.jpg Graphic file (type jpg)
<use Figures/Chap2/parameterizations.jpg>
Package pdftex.def Info: Figures/Chap2/parameterizations.jpg  used on input lin
e 316.
(pdftex.def)             Requested size: 277.51936pt x 378.98944pt.
 [41] [42]
<Figures/Chap2/compares.jpg, id=1326, 2509.375pt x 1882.03125pt>
File: Figures/Chap2/compares.jpg Graphic file (type jpg)
<use Figures/Chap2/compares.jpg>
Package pdftex.def Info: Figures/Chap2/compares.jpg  used on input line 328.
(pdftex.def)             Requested size: 323.76788pt x 242.80602pt.
 [43] [44] [45 <./Figures/Chap2/specs.jpg>]
[46 <./Figures/Chap2/perform.jpg>] [47 <./Figures/Chap2/Re_ck.jpg>] [48 <./Figu
res/Chap2/re_cs.jpg>] [49 <./Figures/Chap2/diss_cs.jpg>] [50 <./Figures/Chap2/d
iss_cs_20_self.jpg>] [51 <./Figures/Chap2/parameterizations.jpg>] [52 <./Figure
s/Chap2/compares.jpg>])

(./Sections/C-3.tex
Chapter 3.
[53


]
Overfull \vbox (12.18335pt too high) has occurred while \output is active []


[54]
Overfull \vbox (12.18335pt too high) has occurred while \output is active []


[55]
Overfull \vbox (12.18335pt too high) has occurred while \output is active []


[56]
Overfull \vbox (12.18335pt too high) has occurred while \output is active []


[57]
Overfull \vbox (12.18335pt too high) has occurred while \output is active []


[58]
Overfull \vbox (12.18335pt too high) has occurred while \output is active []


[59]
Overfull \vbox (12.18335pt too high) has occurred while \output is active []


[60]
Overfull \vbox (12.18335pt too high) has occurred while \output is active []


[61]
Overfull \vbox (12.18335pt too high) has occurred while \output is active []


[62]
Overfull \vbox (12.18335pt too high) has occurred while \output is active []


[63]
Overfull \vbox (12.18335pt too high) has occurred while \output is active []


[64]
Overfull \vbox (12.18335pt too high) has occurred while \output is active []


[65]
Overfull \vbox (12.18335pt too high) has occurred while \output is active []


[66]
Underfull \hbox (badness 10000) in paragraph at lines 89--89
[]\OT1/cmr/m/n/10.95 Collisional
 []


Underfull \hbox (badness 2922) in paragraph at lines 89--89
[]\OT1/cmr/m/n/10.95 Turbulence model for
 []


Underfull \hbox (badness 1009) in paragraph at lines 89--89
\OT1/cmr/m/n/10.95 ob-tain-ing the col-li-sion
 []


Underfull \hbox (badness 10000) in paragraph at lines 91--91
[][][]\OT1/cmr/m/n/10.95 Riemer and
 []


Underfull \hbox (badness 4995) in paragraph at lines 91--92
\OT1/cmr/m/n/10.95 for grav-i-ta-tional case and
 []


Overfull \hbox (10.0807pt too wide) in paragraph at lines 93--93
[][]| 
 []


Underfull \hbox (badness 1990) in paragraph at lines 93--93
\OT1/cmr/m/n/10.95 ef-fi-ciency for all
 []


Underfull \hbox (badness 4995) in paragraph at lines 96--97
\OT1/cmr/m/n/10.95 for grav-i-ta-tional case and
 []


Underfull \hbox (badness 10000) in paragraph at lines 98--98
[][][]\OT1/cmr/m/n/10.95 Franklin[][]
 []


Underfull \hbox (badness 2512) in paragraph at lines 100--100
[][][]\OT1/cmr/m/n/10.95 Pinsky et al.[][]
 []


Underfull \hbox (badness 1558) in paragraph at lines 100--101
\OT1/cmr/m/n/10.95 based on the su-per-po-si-tion
 []


Overfull \vbox (12.18335pt too high) has occurred while \output is active []


[67]
Overfull \vbox (12.18335pt too high) has occurred while \output is active []


[68]
Overfull \vbox (12.18335pt too high) has occurred while \output is active []


[69]
<Figures/Chap3/vali.png, id=1661, 944.0871pt x 337.5009pt>
File: Figures/Chap3/vali.png Graphic file (type png)
<use Figures/Chap3/vali.png>
Package pdftex.def Info: Figures/Chap3/vali.png  used on input line 123.
(pdftex.def)             Requested size: 370.02347pt x 132.27884pt.

Overfull \vbox (12.18335pt too high) has occurred while \output is active []


[70 <./Figures/Chap3/vali.png (PNG copy)>]
Overfull \vbox (12.18335pt too high) has occurred while \output is active []


[71]
<Figures/Chap3/cer_ratio.png, id=1687, 1533.47906pt x 910.15031pt>
File: Figures/Chap3/cer_ratio.png Graphic file (type png)
<use Figures/Chap3/cer_ratio.png>
Package pdftex.def Info: Figures/Chap3/cer_ratio.png  used on input line 161.
(pdftex.def)             Requested size: 370.02347pt x 219.6071pt.

Overfull \vbox (12.18335pt too high) has occurred while \output is active []


[72]
Overfull \vbox (12.18335pt too high) has occurred while \output is active []


[73 <./Figures/Chap3/cer_ratio.png>]
<Figures/Chap3/enhance.png, id=1724, 948.54375pt x 711.4078pt>
File: Figures/Chap3/enhance.png Graphic file (type png)
<use Figures/Chap3/enhance.png>
Package pdftex.def Info: Figures/Chap3/enhance.png  used on input line 170.
(pdftex.def)             Requested size: 370.02347pt x 277.51306pt.

Overfull \vbox (12.18335pt too high) has occurred while \output is active []


[74]
Overfull \vbox (12.18335pt too high) has occurred while \output is active []


[75 <./Figures/Chap3/enhance.png>]
<Figures/Chap3/samesize.png, id=1753, 369.2997pt x 453.6147pt>
File: Figures/Chap3/samesize.png Graphic file (type png)
<use Figures/Chap3/samesize.png>
Package pdftex.def Info: Figures/Chap3/samesize.png  used on input line 181.
(pdftex.def)             Requested size: 370.02347pt x 454.52031pt.

Overfull \vbox (12.18335pt too high) has occurred while \output is active []


[76]
<Figures/Chap3/tgck.png, id=1769, 443.7378pt x 339.1872pt>
File: Figures/Chap3/tgck.png Graphic file (type png)
<use Figures/Chap3/tgck.png>
Package pdftex.def Info: Figures/Chap3/tgck.png  used on input line 192.
(pdftex.def)             Requested size: 370.02347pt x 282.85025pt.
<Figures/Chap3/tCK.png, id=1772, 1177.39874pt x 756.57657pt>
File: Figures/Chap3/tCK.png Graphic file (type png)
<use Figures/Chap3/tCK.png>
Package pdftex.def Info: Figures/Chap3/tCK.png  used on input line 198.
(pdftex.def)             Requested size: 370.02347pt x 237.76874pt.

Overfull \vbox (12.18335pt too high) has occurred while \output is active []


[77]
<Figures/Chap3/DSD.png, id=1795, 538.1706pt x 486.3771pt>
File: Figures/Chap3/DSD.png Graphic file (type png)
<use Figures/Chap3/DSD.png>
Package pdftex.def Info: Figures/Chap3/DSD.png  used on input line 212.
(pdftex.def)             Requested size: 370.02347pt x 334.41312pt.
<Figures/Chap3/timeDSD.png, id=1800, 311.2428pt x 544.9158pt>
File: Figures/Chap3/timeDSD.png Graphic file (type png)
<use Figures/Chap3/timeDSD.png>
Package pdftex.def Info: Figures/Chap3/timeDSD.png  used on input line 218.
(pdftex.def)             Requested size: 231.26378pt x 404.89432pt.
<Figures/Chap3/freq.png, id=1809, 238.9728pt x 522.2712pt>
File: Figures/Chap3/freq.png Graphic file (type png)
<use Figures/Chap3/freq.png>
Package pdftex.def Info: Figures/Chap3/freq.png  used on input line 228.
(pdftex.def)             Requested size: 185.0082pt x 404.33362pt.

Overfull \vbox (12.18335pt too high) has occurred while \output is active []


[78]
Overfull \vbox (12.18335pt too high) has occurred while \output is active []


[79]
Overfull \vbox (12.18335pt too high) has occurred while \output is active []


[80]
Overfull \vbox (12.18335pt too high) has occurred while \output is active []


[81]
Overfull \vbox (12.18335pt too high) has occurred while \output is active []


[82 <./Figures/Chap3/samesize.png (PNG copy)>]
Overfull \vbox (12.18335pt too high) has occurred while \output is active []


[83 <./Figures/Chap3/tgck.png>]
Overfull \vbox (12.18335pt too high) has occurred while \output is active []


[84 <./Figures/Chap3/tCK.png>]
Overfull \vbox (12.18335pt too high) has occurred while \output is active []


[85 <./Figures/Chap3/DSD.png (PNG copy)>]
Overfull \vbox (12.18335pt too high) has occurred while \output is active []


[86 <./Figures/Chap3/timeDSD.png (PNG copy)>]
Overfull \vbox (12.18335pt too high) has occurred while \output is active []


[87 <./Figures/Chap3/freq.png>])

(./Sections/C-4.tex
Chapter 4.
[88


] [89] [90] [91] [92] [93] [94] [95] [96] [97] [98] [99] [100]
<Figures/Chap4/DSD_end.png, id=2073, 421.575pt x 316.3017pt>
File: Figures/Chap4/DSD_end.png Graphic file (type png)
<use Figures/Chap4/DSD_end.png>
Package pdftex.def Info: Figures/Chap4/DSD_end.png  used on input line 124.
(pdftex.def)             Requested size: 370.02347pt x 277.62721pt.
 [101 <./Figures/Chap4/DSD_end.png (PNG copy)>]
<Figures/Chap4/DSD_evo.png, id=2082, 794.2473pt x 601.5273pt>
File: Figures/Chap4/DSD_evo.png Graphic file (type png)
<use Figures/Chap4/DSD_evo.png>
Package pdftex.def Info: Figures/Chap4/DSD_evo.png  used on input line 136.
(pdftex.def)             Requested size: 370.02347pt x 280.23965pt.
 [102] [103 <./Figures/Chap4/DSD_evo.png (PNG copy)>]
<Figures/Chap4/PDF_COLL.png, id=2096, 794.2473pt x 540.3387pt>
File: Figures/Chap4/PDF_COLL.png Graphic file (type png)
<use Figures/Chap4/PDF_COLL.png>
Package pdftex.def Info: Figures/Chap4/PDF_COLL.png  used on input line 148.
(pdftex.def)             Requested size: 370.02347pt x 251.73311pt.
 [104 <./Figures/Chap4/PDF_COLL.png>]
<Figures/Chap4/Freq_and_enhance.png, id=2106, 881.4531pt x 589.4823pt>
File: Figures/Chap4/Freq_and_enhance.png Graphic file (type png)
<use Figures/Chap4/Freq_and_enhance.png>
Package pdftex.def Info: Figures/Chap4/Freq_and_enhance.png  used on input line
 156.
(pdftex.def)             Requested size: 370.02347pt x 247.45494pt.
 [105] [106 <./Figures/Chap4/Freq_and_enhance.png>] [107]
<Figures/Chap4/Pair_numbers.png, id=2140, 750.8853pt x 463.4916pt>
File: Figures/Chap4/Pair_numbers.png Graphic file (type png)
<use Figures/Chap4/Pair_numbers.png>
Package pdftex.def Info: Figures/Chap4/Pair_numbers.png  used on input line 171
.
(pdftex.def)             Requested size: 370.02347pt x 228.40002pt.


LaTeX Warning: `h' float specifier changed to `ht'.

[108] [109 <./Figures/Chap4/Pair_numbers.png (PNG copy)>] [110])

(./Sections/C-Conc.tex
Chapter 5.
[111


] [112] [113] [114])

(./Thesis_PhD.bbl [115



] [116]
Underfull \hbox (badness 1337) in paragraph at lines 190--193
[]\OT1/cmr/m/n/12 Gochis, D., and Coau-thors, 2015: The great col-orado flood o
f septem-ber 2013.
 []

[117] [118] [119] [120] [121] [122] [123])
Package atveryend Info: Empty hook `BeforeClearDocument' on input line 325.
 [124]
Package atveryend Info: Empty hook `AfterLastShipout' on input line 325.
 (./Thesis_PhD.aux)
Package atveryend Info: Executing hook `AtVeryEndDocument' on input line 325.
Package atveryend Info: Executing hook `AtEndAfterFileList' on input line 325.
Package rerunfilecheck Info: File `Thesis_PhD.out' has not changed.
(rerunfilecheck)             Checksum: 737DC13AFA09130D7E077DE0ED624334;3711.


LaTeX Warning: Label(s) may have changed. Rerun to get cross-references right.

Package atveryend Info: Empty hook `AtVeryVeryEnd' on input line 325.
 ) 
Here is how much of TeX's memory you used:
 9002 strings out of 492649
 131810 string characters out of 6129622
 263720 words of memory out of 5000000
 12273 multiletter control sequences out of 15000+600000
 22818 words of font info for 84 fonts, out of 8000000 for 9000
 1141 hyphenation exceptions out of 8191
 31i,15n,48p,5280b,685s stack positions out of 5000i,500n,10000p,200000b,80000s
</usr/local/texlive/2018/texmf-dist/fonts/type1/public/amsfonts/cm/cmbx10.pfb
></usr/local/texlive/2018/texmf-dist/fonts/type1/public/amsfonts/cm/cmbx12.pfb>
</usr/local/texlive/2018/texmf-dist/fonts/type1/public/amsfonts/cm/cmbx6.pfb></
usr/local/texlive/2018/texmf-dist/fonts/type1/public/amsfonts/cm/cmbx8.pfb></us
r/local/texlive/2018/texmf-dist/fonts/type1/public/amsfonts/cm/cmex10.pfb></usr
/local/texlive/2018/texmf-dist/fonts/type1/public/amsfonts/cm/cmmi10.pfb></usr/
local/texlive/2018/texmf-dist/fonts/type1/public/amsfonts/cm/cmmi12.pfb></usr/l
ocal/texlive/2018/texmf-dist/fonts/type1/public/amsfonts/cm/cmmi6.pfb></usr/loc
al/texlive/2018/texmf-dist/fonts/type1/public/amsfonts/cm/cmmi8.pfb></usr/local
/texlive/2018/texmf-dist/fonts/type1/public/amsfonts/cm/cmr10.pfb></usr/local/t
exlive/2018/texmf-dist/fonts/type1/public/amsfonts/cm/cmr12.pfb></usr/local/tex
live/2018/texmf-dist/fonts/type1/public/amsfonts/cm/cmr17.pfb></usr/local/texli
ve/2018/texmf-dist/fonts/type1/public/amsfonts/cm/cmr6.pfb></usr/local/texlive/
2018/texmf-dist/fonts/type1/public/amsfonts/cm/cmr8.pfb></usr/local/texlive/201
8/texmf-dist/fonts/type1/public/amsfonts/cm/cmsy10.pfb></usr/local/texlive/2018
/texmf-dist/fonts/type1/public/amsfonts/cm/cmsy8.pfb></usr/local/texlive/2018/t
exmf-dist/fonts/type1/public/amsfonts/cm/cmti12.pfb></usr/local/texlive/2018/te
xmf-dist/fonts/type1/public/amsfonts/cm/cmtt12.pfb></usr/local/texlive/2018/tex
mf-dist/fonts/type1/arphic/gbsnu/gbsnu60.pfb></usr/local/texlive/2018/texmf-dis
t/fonts/type1/arphic/gbsnu/gbsnu96.pfb></usr/local/texlive/2018/texmf-dist/font
s/type1/public/amsfonts/latxfont/line10.pfb>
Output written on Thesis_PhD.pdf (149 pages, 5180298 bytes).
PDF statistics:
 2387 PDF objects out of 2487 (max. 8388607)
 2122 compressed objects within 22 object streams
 408 named destinations out of 1000 (max. 500000)
 510 words of extra memory for PDF output out of 10000 (max. 10000000)

